<?xml version="1.0" encoding="UTF-8"?>
<!-- Generated by org.testng.reporters.JUnitReportReporter -->
<testsuite hostname="LTIN422025" failures="0" tests="1" name="test.CaseStudy11" time="20.018" errors="0" timestamp="2024-01-15T13:31:04 IST" skipped="0">
  <testcase classname="test.CaseStudy11" name="MouseHoveringAndKeyboardInteractions" time="20.018"/>
</testsuite> <!-- test.CaseStudy11 -->
