<?xml version="1.0" encoding="UTF-8"?>
<!-- Generated by org.testng.reporters.JUnitReportReporter -->
<testsuite hostname="LTIN420573" failures="0" tests="1" name="test.CaseStudy8" time="39.336" errors="0" timestamp="2024-07-31T16:19:16 IST" skipped="0">
  <testcase classname="test.CaseStudy8" name="alertsAndPopUps" time="39.336"/>
</testsuite> <!-- test.CaseStudy8 -->
