<?xml version="1.0" encoding="UTF-8"?>
<!-- Generated by org.testng.reporters.JUnitReportReporter -->
<testsuite hostname="LTIN422025" failures="0" tests="1" name="test.Sonu" time="29.078" errors="0" timestamp="2023-12-12T14:40:56 IST" skipped="0">
  <testcase classname="test.Sonu" name="searchhotel" time="29.078"/>
</testsuite> <!-- test.Sonu -->
