<?xml version="1.0" encoding="UTF-8"?>
<!-- Generated by org.testng.reporters.JUnitReportReporter -->
<testsuite hostname="LTIN420573" failures="0" tests="1" name="seleniumCaseStudies.OnlineMobileSearch" time="24.256" errors="0" timestamp="2024-07-23T17:34:04 IST" skipped="0">
  <testcase classname="seleniumCaseStudies.OnlineMobileSearch" name="searchingMobile" time="24.256"/>
</testsuite> <!-- seleniumCaseStudies.OnlineMobileSearch -->
