<?xml version="1.0" encoding="UTF-8"?>
<!-- Generated by org.testng.reporters.JUnitReportReporter -->
<testsuite hostname="LTIN420573" failures="0" tests="1" name="testNgAnnotationsOrder.Annotations" time="0.007" errors="0" timestamp="2024-07-29T11:13:37 IST" skipped="0">
  <testcase classname="testNgAnnotationsOrder.Annotations" name="first" time="0.007"/>
</testsuite> <!-- testNgAnnotationsOrder.Annotations -->
