<?xml version="1.0" encoding="UTF-8"?>
<!-- Generated by org.testng.reporters.JUnitReportReporter -->
<testsuite hostname="LTIN422025" failures="0" tests="1" name="test.CaseStudy3" time="28.626" errors="0" timestamp="2023-08-22T12:12:06 IST" skipped="0">
  <testcase classname="test.CaseStudy3" name="LocationElements" time="28.626"/>
</testsuite> <!-- test.CaseStudy3 -->
