<?xml version="1.0" encoding="UTF-8"?>
<!-- Generated by org.testng.reporters.JUnitReportReporter -->
<testsuite hostname="LTIN422025" failures="0" tests="1" name="SeleniumTraining.com.BrowserTests" time="10.112" errors="0" timestamp="2023-08-17T20:28:54 IST" skipped="0">
  <testcase classname="SeleniumTraining.com.BrowserTests" name="testOpenDifferentBrowsers" time="10.112"/>
</testsuite> <!-- SeleniumTraining.com.BrowserTests -->
