<?xml version="1.0" encoding="UTF-8"?>
<!-- Generated by org.testng.reporters.JUnitReportReporter -->
<testsuite hostname="LTIN422025" failures="0" tests="1" name="test.LocationElements" time="18.611" errors="0" timestamp="2023-08-17T23:17:19 IST" skipped="0">
  <testcase classname="test.LocationElements" name="mobileSearch" time="18.611"/>
</testsuite> <!-- test.LocationElements -->
