<?xml version="1.0" encoding="UTF-8"?>
<!-- Generated by org.testng.reporters.JUnitReportReporter -->
<testsuite hostname="LTIN422025" failures="0" tests="1" name="test.CaseStudy2" time="153.615" errors="0" timestamp="2023-09-06T12:00:25 IST" skipped="0">
  <testcase classname="test.CaseStudy2" name="testOpenDifferentBrowsers" time="153.615"/>
</testsuite> <!-- test.CaseStudy2 -->
