<?xml version="1.0" encoding="UTF-8"?>
<!-- Generated by org.testng.reporters.JUnitReportReporter -->
<testsuite hostname="LTIN420573" failures="0" tests="2" name="testNgAnnotationsOrder.TestNGAnnotation" time="0.011" errors="0" timestamp="2024-07-30T11:17:05 IST" skipped="0">
  <testcase classname="testNgAnnotationsOrder.TestNGAnnotation" name="m3" time="0.008"/>
  <testcase classname="testNgAnnotationsOrder.TestNGAnnotation" name="m7" time="0.003"/>
</testsuite> <!-- testNgAnnotationsOrder.TestNGAnnotation -->
